Started GET "/" for 127.0.0.1 at 2019-03-06 14:02:52 +0900
Processing by Rails::WelcomeController#index as HTML
  Rendering vendor/bundle/ruby/2.5.0/gems/railties-5.2.1/lib/rails/templates/rails/welcome/index.html.erb
  Rendered vendor/bundle/ruby/2.5.0/gems/railties-5.2.1/lib/rails/templates/rails/welcome/index.html.erb (3.3ms)
Completed 200 OK in 20ms (Views: 9.9ms | ActiveRecord: 0.0ms)


Started GET "/fortunetelling/19971212" for 127.0.0.1 at 2019-03-06 14:03:10 +0900
Processing by FortunetellingsController#show as HTML
  Parameters: {"birthday"=>"19971212"}
  Rendering fortunetellings/show.html.erb within layouts/application
  Rendered fortunetellings/show.html.erb within layouts/application (0.3ms)
Completed 200 OK in 668ms (Views: 665.3ms | ActiveRecord: 0.0ms)


Started GET "/fortunetelling/19971212" for 127.0.0.1 at 2019-03-06 14:06:24 +0900
Processing by FortunetellingsController#show as HTML
  Parameters: {"birthday"=>"19971212"}
Completed 500 Internal Server Error in 5ms (ActiveRecord: 0.0ms)


  
NoMethodError (undefined method `strftime' for "19971212":String
Did you mean?  strip):
  
app/controllers/fortunetellings_controller.rb:5:in `show'
Started GET "/fortunetelling/19971212" for 127.0.0.1 at 2019-03-06 14:07:07 +0900
Processing by FortunetellingsController#show as HTML
  Parameters: {"birthday"=>"19971212"}
  Rendering fortunetellings/show.html.erb within layouts/application
  Rendered fortunetellings/show.html.erb within layouts/application (0.3ms)
Completed 200 OK in 24ms (Views: 22.2ms | ActiveRecord: 0.0ms)


Started GET "/fortunetelling/19971212" for 127.0.0.1 at 2019-03-06 14:08:06 +0900
Processing by FortunetellingsController#show as HTML
  Parameters: {"birthday"=>"19971212"}
  Rendering fortunetellings/show.html.erb within layouts/application
  Rendered fortunetellings/show.html.erb within layouts/application (0.5ms)
Completed 200 OK in 20ms (Views: 17.6ms | ActiveRecord: 0.0ms)


Started GET "/fortunetelling/19971212" for 127.0.0.1 at 2019-03-06 14:09:57 +0900
Processing by FortunetellingsController#show as HTML
  Parameters: {"birthday"=>"19971212"}
Completed 500 Internal Server Error in 2ms (ActiveRecord: 0.0ms)


  
NoMethodError (undefined method `strftime' for 19971212:Integer):
  
app/controllers/fortunetellings_controller.rb:5:in `show'
Started GET "/fortunetelling/19971212" for 127.0.0.1 at 2019-03-06 14:15:05 +0900
Processing by FortunetellingsController#show as HTML
  Parameters: {"birthday"=>"19971212"}
Completed 500 Internal Server Error in 2ms (ActiveRecord: 0.0ms)


  
TypeError (no implicit conversion of Symbol into String):
  
app/controllers/fortunetellings_controller.rb:6:in `strftime'
app/controllers/fortunetellings_controller.rb:6:in `show'
Started GET "/fortunetelling/19971212" for 127.0.0.1 at 2019-03-06 14:15:25 +0900
Processing by FortunetellingsController#show as HTML
  Parameters: {"birthday"=>"19971212"}
Completed 500 Internal Server Error in 2ms (ActiveRecord: 0.0ms)


  
NoMethodError (undefined method `to_i' for Wed, 06 Mar 2019:Date
Did you mean?  to_s):
  
app/controllers/fortunetellings_controller.rb:6:in `show'
Started GET "/fortunetelling/19971212" for 127.0.0.1 at 2019-03-06 14:15:44 +0900
Processing by FortunetellingsController#show as HTML
  Parameters: {"birthday"=>"19971212"}
Completed 500 Internal Server Error in 2ms (ActiveRecord: 0.0ms)


  
NoMethodError (undefined method `to_i' for Wed, 06 Mar 2019:Date
Did you mean?  to_s):
  
app/controllers/fortunetellings_controller.rb:6:in `show'
Started GET "/fortunetelling/19971212" for 127.0.0.1 at 2019-03-06 14:16:41 +0900
Processing by FortunetellingsController#show as HTML
  Parameters: {"birthday"=>"19971212"}
Completed 500 Internal Server Error in 137ms (ActiveRecord: 0.0ms)


  
NameError (undefined local variable or method `date_format' for #<FortunetellingsController:0x00007fe07d9a8e30>
Did you mean?  data_format):
  
app/controllers/fortunetellings_controller.rb:7:in `show'
Started GET "/fortunetelling/19971212" for 127.0.0.1 at 2019-03-06 14:16:56 +0900
Processing by FortunetellingsController#show as HTML
  Parameters: {"birthday"=>"19971212"}
  Rendering fortunetellings/show.html.erb within layouts/application
  Rendered fortunetellings/show.html.erb within layouts/application (0.5ms)
Completed 200 OK in 37ms (Views: 33.6ms | ActiveRecord: 0.0ms)


Started GET "/fortunetelling/19971212" for 127.0.0.1 at 2019-03-06 14:17:12 +0900
Processing by FortunetellingsController#show as HTML
  Parameters: {"birthday"=>"19971212"}
Completed 500 Internal Server Error in 1ms (ActiveRecord: 0.0ms)


  
TypeError (String can't be coerced into Integer):
  
app/controllers/fortunetellings_controller.rb:7:in `-'
app/controllers/fortunetellings_controller.rb:7:in `show'
Started GET "/fortunetelling/19971212" for 127.0.0.1 at 2019-03-06 14:17:32 +0900
Processing by FortunetellingsController#show as HTML
  Parameters: {"birthday"=>"19971212"}
  Rendering fortunetellings/show.html.erb within layouts/application
  Rendered fortunetellings/show.html.erb within layouts/application (0.6ms)
Completed 200 OK in 23ms (Views: 20.4ms | ActiveRecord: 0.0ms)


Started GET "/fortunetelling/19971212" for 127.0.0.1 at 2019-03-06 14:18:03 +0900
Processing by FortunetellingsController#show as HTML
  Parameters: {"birthday"=>"19971212"}
  Rendering fortunetellings/show.html.erb within layouts/application
  Rendered fortunetellings/show.html.erb within layouts/application (0.4ms)
Completed 200 OK in 22ms (Views: 20.0ms | ActiveRecord: 0.0ms)


Started GET "/fortunetelling/19971212" for 127.0.0.1 at 2019-03-06 14:18:52 +0900
Processing by FortunetellingsController#show as HTML
  Parameters: {"birthday"=>"19971212"}
Completed 500 Internal Server Error in 1ms (ActiveRecord: 0.0ms)


  
TypeError (no implicit conversion of String into Integer):
  
app/controllers/fortunetellings_controller.rb:6:in `show'
Started GET "/fortunetelling/19971212" for 127.0.0.1 at 2019-03-06 14:19:06 +0900
Processing by FortunetellingsController#show as HTML
  Parameters: {"birthday"=>"19971212"}
  Rendering fortunetellings/show.html.erb within layouts/application
  Rendered fortunetellings/show.html.erb within layouts/application (0.4ms)
Completed 200 OK in 27ms (Views: 24.9ms | ActiveRecord: 0.0ms)


Started GET "/fortunetelling/19971212" for 127.0.0.1 at 2019-03-06 14:23:20 +0900
Processing by FortunetellingsController#show as HTML
  Parameters: {"birthday"=>"19971212"}
  Rendering fortunetellings/show.html.erb within layouts/application
  Rendered fortunetellings/show.html.erb within layouts/application (0.9ms)
Completed 200 OK in 48ms (Views: 44.4ms | ActiveRecord: 0.0ms)


Started GET "/fortunetelling/19971212" for 127.0.0.1 at 2019-03-06 14:27:01 +0900
Processing by FortunetellingsController#show as HTML
  Parameters: {"birthday"=>"19971212"}
Completed 500 Internal Server Error in 5ms (ActiveRecord: 0.0ms)


  
NoMethodError (undefined method `random' for ["大吉", "中吉", "吉", "小吉", "凶", "大凶"]:Array):
  
app/controllers/fortunetellings_controller.rb:9:in `show'
Started GET "/fortunetelling/19971212" for 127.0.0.1 at 2019-03-06 14:28:16 +0900
Processing by FortunetellingsController#show as HTML
  Parameters: {"birthday"=>"19971212"}
  Rendering fortunetellings/show.html.erb within layouts/application
  Rendered fortunetellings/show.html.erb within layouts/application (0.5ms)
Completed 200 OK in 26ms (Views: 23.9ms | ActiveRecord: 0.0ms)


Started GET "/fortunetelling/19971212" for 127.0.0.1 at 2019-03-06 14:28:42 +0900
Processing by FortunetellingsController#show as HTML
  Parameters: {"birthday"=>"19971212"}
  Rendering fortunetellings/show.html.erb within layouts/application
  Rendered fortunetellings/show.html.erb within layouts/application (0.6ms)
Completed 200 OK in 24ms (Views: 22.2ms | ActiveRecord: 0.0ms)


Started GET "/fortunetelling/19971212" for 127.0.0.1 at 2019-03-06 14:28:45 +0900
Processing by FortunetellingsController#show as HTML
  Parameters: {"birthday"=>"19971212"}
  Rendering fortunetellings/show.html.erb within layouts/application
  Rendered fortunetellings/show.html.erb within layouts/application (0.4ms)
Completed 200 OK in 22ms (Views: 18.3ms | ActiveRecord: 0.0ms)


Started GET "/fortunetelling/19971212" for 127.0.0.1 at 2019-03-06 14:28:50 +0900
Processing by FortunetellingsController#show as HTML
  Parameters: {"birthday"=>"19971212"}
  Rendering fortunetellings/show.html.erb within layouts/application
  Rendered fortunetellings/show.html.erb within layouts/application (0.3ms)
Completed 200 OK in 21ms (Views: 18.6ms | ActiveRecord: 0.0ms)


Started GET "/fortunetelling/19971212" for 127.0.0.1 at 2019-03-06 14:29:05 +0900
Processing by FortunetellingsController#show as HTML
  Parameters: {"birthday"=>"19971212"}
  Rendering fortunetellings/show.html.erb within layouts/application
  Rendered fortunetellings/show.html.erb within layouts/application (0.4ms)
Completed 200 OK in 19ms (Views: 16.7ms | ActiveRecord: 0.0ms)


Started GET "/fortunetelling/19971212" for 127.0.0.1 at 2019-03-06 14:29:13 +0900
Processing by FortunetellingsController#show as HTML
  Parameters: {"birthday"=>"19971212"}
  Rendering fortunetellings/show.html.erb within layouts/application
  Rendered fortunetellings/show.html.erb within layouts/application (0.4ms)
Completed 200 OK in 19ms (Views: 17.0ms | ActiveRecord: 0.0ms)


Started GET "/fortunetelling/19971212" for 127.0.0.1 at 2019-03-06 14:30:50 +0900
Processing by FortunetellingsController#show as HTML
  Parameters: {"birthday"=>"19971212"}
  Rendering fortunetellings/show.html.erb within layouts/application
  Rendered fortunetellings/show.html.erb within layouts/application (0.6ms)
Completed 200 OK in 28ms (Views: 25.0ms | ActiveRecord: 0.0ms)


Started GET "/fortunetelling/19970306" for 127.0.0.1 at 2019-03-06 14:31:12 +0900
Processing by FortunetellingsController#show as HTML
  Parameters: {"birthday"=>"19970306"}
  Rendering fortunetellings/show.html.erb within layouts/application
  Rendered fortunetellings/show.html.erb within layouts/application (0.5ms)
Completed 200 OK in 26ms (Views: 23.0ms | ActiveRecord: 0.0ms)


Started GET "/fortunetelling/20180306" for 127.0.0.1 at 2019-03-06 14:33:45 +0900
Processing by FortunetellingsController#show as HTML
  Parameters: {"birthday"=>"20180306"}
  Rendering fortunetellings/show.html.erb within layouts/application
  Rendered fortunetellings/show.html.erb within layouts/application (0.5ms)
Completed 200 OK in 27ms (Views: 24.4ms | ActiveRecord: 0.0ms)


Started GET "/fortunetelling/20180306" for 127.0.0.1 at 2019-03-06 14:34:22 +0900
Processing by FortunetellingsController#show as HTML
  Parameters: {"birthday"=>"20180306"}
  Rendering fortunetellings/show.html.erb within layouts/application
  Rendered fortunetellings/show.html.erb within layouts/application (0.6ms)
Completed 200 OK in 19ms (Views: 17.1ms | ActiveRecord: 0.0ms)


Started GET "/fortunetelling/20180306" for 127.0.0.1 at 2019-03-06 14:34:33 +0900
Processing by FortunetellingsController#show as HTML
  Parameters: {"birthday"=>"20180306"}
  Rendering fortunetellings/show.html.erb within layouts/application
  Rendered fortunetellings/show.html.erb within layouts/application (0.6ms)
Completed 200 OK in 21ms (Views: 18.3ms | ActiveRecord: 0.0ms)


Started GET "/fortunetelling/20180306" for 127.0.0.1 at 2019-03-06 14:34:57 +0900
Processing by FortunetellingsController#show as HTML
  Parameters: {"birthday"=>"20180306"}
  Rendering fortunetellings/show.html.erb within layouts/application
  Rendered fortunetellings/show.html.erb within layouts/application (0.4ms)
Completed 200 OK in 19ms (Views: 16.5ms | ActiveRecord: 0.0ms)


Started GET "/fortunetelling/20180306" for 127.0.0.1 at 2019-03-06 14:35:13 +0900
Processing by FortunetellingsController#show as HTML
  Parameters: {"birthday"=>"20180306"}
  Rendering fortunetellings/show.html.erb within layouts/application
  Rendered fortunetellings/show.html.erb within layouts/application (0.5ms)
Completed 200 OK in 21ms (Views: 18.7ms | ActiveRecord: 0.0ms)


Started GET "/fortunetelling/20180306" for 127.0.0.1 at 2019-03-06 14:35:32 +0900
Processing by FortunetellingsController#show as HTML
  Parameters: {"birthday"=>"20180306"}
Completed 500 Internal Server Error in 1ms (ActiveRecord: 0.0ms)


  
TypeError (no implicit conversion of String into Integer):
  
app/controllers/fortunetellings_controller.rb:6:in `show'
Started GET "/fortunetelling/20180306" for 127.0.0.1 at 2019-03-06 14:35:52 +0900
Processing by FortunetellingsController#show as HTML
  Parameters: {"birthday"=>"20180306"}
Completed 500 Internal Server Error in 5ms (ActiveRecord: 0.0ms)


  
TypeError (no implicit conversion of String into Integer):
  
app/controllers/fortunetellings_controller.rb:6:in `show'
Started GET "/fortunetelling/20180306" for 127.0.0.1 at 2019-03-06 14:36:05 +0900
Processing by FortunetellingsController#show as HTML
  Parameters: {"birthday"=>"20180306"}
Completed 500 Internal Server Error in 2ms (ActiveRecord: 0.0ms)


  
NoMethodError (undefined method `call' for 20180306:Integer):
  
app/controllers/fortunetellings_controller.rb:6:in `show'
Started GET "/fortunetelling/20180306" for 127.0.0.1 at 2019-03-06 14:36:19 +0900
Processing by FortunetellingsController#show as HTML
  Parameters: {"birthday"=>"20180306"}
Completed 500 Internal Server Error in 2ms (ActiveRecord: 0.0ms)


  
NoMethodError (undefined method `call' for 20180306:Integer):
  
app/controllers/fortunetellings_controller.rb:6:in `show'
Started GET "/fortunetelling/20180306" for 127.0.0.1 at 2019-03-06 14:36:53 +0900
Processing by FortunetellingsController#show as HTML
  Parameters: {"birthday"=>"20180306"}
Completed 500 Internal Server Error in 1ms (ActiveRecord: 0.0ms)


  
ArgumentError (wrong number of arguments (given 1, expected 0)):
  
app/controllers/fortunetellings_controller.rb:6:in `to_s'
app/controllers/fortunetellings_controller.rb:6:in `show'
Started GET "/fortunetelling/20180306" for 127.0.0.1 at 2019-03-06 14:37:08 +0900
Processing by FortunetellingsController#show as HTML
  Parameters: {"birthday"=>"20180306"}
  Rendering fortunetellings/show.html.erb within layouts/application
  Rendered fortunetellings/show.html.erb within layouts/application (0.7ms)
Completed 200 OK in 18ms (Views: 15.9ms | ActiveRecord: 0.0ms)


Started GET "/fortunetelling/20180306" for 127.0.0.1 at 2019-03-06 14:37:44 +0900
Processing by FortunetellingsController#show as HTML
  Parameters: {"birthday"=>"20180306"}
  Rendering fortunetellings/show.html.erb within layouts/application
  Rendered fortunetellings/show.html.erb within layouts/application (0.5ms)
Completed 200 OK in 19ms (Views: 16.2ms | ActiveRecord: 0.0ms)


Started GET "/fortunetelling/20180306" for 127.0.0.1 at 2019-03-06 14:38:07 +0900
Processing by FortunetellingsController#show as HTML
  Parameters: {"birthday"=>"20180306"}
Completed 500 Internal Server Error in 1ms (ActiveRecord: 0.0ms)


  
ArgumentError (wrong number of arguments (given 1, expected 0)):
  
app/controllers/fortunetellings_controller.rb:6:in `to_s'
app/controllers/fortunetellings_controller.rb:6:in `show'
Started GET "/fortunetelling/20180306" for 127.0.0.1 at 2019-03-06 14:38:19 +0900
Processing by FortunetellingsController#show as HTML
  Parameters: {"birthday"=>"20180306"}
Completed 500 Internal Server Error in 1ms (ActiveRecord: 0.0ms)


  
ArgumentError (wrong number of arguments (given 1, expected 0)):
  
app/controllers/fortunetellings_controller.rb:6:in `to_s'
app/controllers/fortunetellings_controller.rb:6:in `show'
Started GET "/fortunetelling/20180306" for 127.0.0.1 at 2019-03-06 14:38:44 +0900
Processing by FortunetellingsController#show as HTML
  Parameters: {"birthday"=>"20180306"}
Completed 500 Internal Server Error in 3ms (ActiveRecord: 0.0ms)


  
NoMethodError (undefined method `date_format' for "20180306":String):
  
app/controllers/fortunetellings_controller.rb:6:in `show'
Started GET "/fortunetelling/20180306" for 127.0.0.1 at 2019-03-06 14:39:20 +0900
Processing by FortunetellingsController#show as HTML
  Parameters: {"birthday"=>"20180306"}
  Rendering fortunetellings/show.html.erb within layouts/application
  Rendered fortunetellings/show.html.erb within layouts/application (0.5ms)
Completed 200 OK in 22ms (Views: 18.1ms | ActiveRecord: 0.0ms)


Started GET "/fortunetelling/20180306" for 127.0.0.1 at 2019-03-06 14:39:32 +0900
Processing by FortunetellingsController#show as HTML
  Parameters: {"birthday"=>"20180306"}
Completed 500 Internal Server Error in 3ms (ActiveRecord: 0.0ms)


  
NoMethodError (undefined method `date_format' for Tue, 06 Mar 2018:Date):
  
app/controllers/fortunetellings_controller.rb:6:in `show'
Started GET "/fortunetelling/20180306" for 127.0.0.1 at 2019-03-06 14:40:32 +0900
Processing by FortunetellingsController#show as HTML
  Parameters: {"birthday"=>"20180306"}
Completed 500 Internal Server Error in 3ms (ActiveRecord: 0.0ms)


  
NoMethodError (undefined method `date_format' for Tue, 06 Mar 2018:Date):
  
app/controllers/fortunetellings_controller.rb:6:in `show'
Started GET "/fortunetelling/20180306" for 127.0.0.1 at 2019-03-06 14:40:43 +0900
Processing by FortunetellingsController#show as HTML
  Parameters: {"birthday"=>"20180306"}
  Rendering fortunetellings/show.html.erb within layouts/application
  Rendered fortunetellings/show.html.erb within layouts/application (0.5ms)
Completed 200 OK in 27ms (Views: 23.9ms | ActiveRecord: 0.0ms)


Started GET "/fortunetelling/20180306" for 127.0.0.1 at 2019-03-06 14:40:57 +0900
Processing by FortunetellingsController#show as HTML
  Parameters: {"birthday"=>"20180306"}
  Rendering fortunetellings/show.html.erb within layouts/application
  Rendered fortunetellings/show.html.erb within layouts/application (0.3ms)
Completed 200 OK in 18ms (Views: 15.8ms | ActiveRecord: 0.0ms)


Started GET "/fortunetelling/20180306" for 127.0.0.1 at 2019-03-06 14:40:59 +0900
Processing by FortunetellingsController#show as HTML
  Parameters: {"birthday"=>"20180306"}
  Rendering fortunetellings/show.html.erb within layouts/application
  Rendered fortunetellings/show.html.erb within layouts/application (0.5ms)
Completed 200 OK in 23ms (Views: 21.0ms | ActiveRecord: 0.0ms)


Started GET "/fortunetelling/20180306" for 127.0.0.1 at 2019-03-06 14:41:20 +0900
Processing by FortunetellingsController#show as HTML
  Parameters: {"birthday"=>"20180306"}
  Rendering fortunetellings/show.html.erb within layouts/application
  Rendered fortunetellings/show.html.erb within layouts/application (0.4ms)
Completed 200 OK in 16ms (Views: 14.2ms | ActiveRecord: 0.0ms)


Started GET "/fortunetelling/20180306" for 127.0.0.1 at 2019-03-06 14:41:48 +0900
Processing by FortunetellingsController#show as HTML
  Parameters: {"birthday"=>"20180306"}
Completed 500 Internal Server Error in 1ms (ActiveRecord: 0.0ms)


  
ArgumentError (wrong number of arguments (given 1, expected 0)):
  
app/controllers/fortunetellings_controller.rb:6:in `show'
Started GET "/fortunetelling/20180306" for 127.0.0.1 at 2019-03-06 14:42:00 +0900
Processing by FortunetellingsController#show as HTML
  Parameters: {"birthday"=>"20180306"}
Completed 500 Internal Server Error in 1ms (ActiveRecord: 0.0ms)


  
ArgumentError (wrong number of arguments (given 1, expected 0)):
  
app/controllers/fortunetellings_controller.rb:6:in `show'
Started GET "/fortunetelling/20180306" for 127.0.0.1 at 2019-03-06 14:42:11 +0900
Processing by FortunetellingsController#show as HTML
  Parameters: {"birthday"=>"20180306"}
  Rendering fortunetellings/show.html.erb within layouts/application
  Rendered fortunetellings/show.html.erb within layouts/application (0.4ms)
Completed 200 OK in 18ms (Views: 15.8ms | ActiveRecord: 0.0ms)


Started GET "/fortunetelling/20180306" for 127.0.0.1 at 2019-03-06 14:42:24 +0900
Processing by FortunetellingsController#show as HTML
  Parameters: {"birthday"=>"20180306"}
  Rendering fortunetellings/show.html.erb within layouts/application
  Rendered fortunetellings/show.html.erb within layouts/application (0.5ms)
Completed 200 OK in 18ms (Views: 16.1ms | ActiveRecord: 0.0ms)


Started GET "/fortunetelling/20180306" for 127.0.0.1 at 2019-03-06 14:48:52 +0900
Processing by FortunetellingsController#show as HTML
  Parameters: {"birthday"=>"20180306"}
Completed 500 Internal Server Error in 2ms (ActiveRecord: 0.0ms)


  
ArgumentError (wrong number of arguments (given 1, expected 0)):
  
app/controllers/fortunetellings_controller.rb:5:in `show'
Started GET "/fortunetelling/20180306" for 127.0.0.1 at 2019-03-06 14:49:02 +0900
Processing by FortunetellingsController#show as HTML
  Parameters: {"birthday"=>"20180306"}
  Rendering fortunetellings/show.html.erb within layouts/application
  Rendered fortunetellings/show.html.erb within layouts/application (0.4ms)
Completed 200 OK in 27ms (Views: 24.4ms | ActiveRecord: 0.0ms)


Started GET "/fortunetelling/20180306" for 127.0.0.1 at 2019-03-06 14:53:04 +0900
Processing by FortunetellingsController#show as HTML
  Parameters: {"birthday"=>"20180306"}
Completed 500 Internal Server Error in 3ms (ActiveRecord: 0.0ms)


  
NoMethodError (undefined method `date_format' for "20180306":String):
  
app/controllers/fortunetellings_controller.rb:5:in `show'
Started GET "/fortunetelling/20180306" for 127.0.0.1 at 2019-03-06 14:53:46 +0900
Processing by FortunetellingsController#show as HTML
  Parameters: {"birthday"=>"20180306"}
Completed 500 Internal Server Error in 3ms (ActiveRecord: 0.0ms)


  
NoMethodError (undefined method `date_format' for "20180306":String):
  
app/controllers/fortunetellings_controller.rb:5:in `show'
Started GET "/fortunetelling/20180306" for 127.0.0.1 at 2019-03-06 14:54:11 +0900
Processing by FortunetellingsController#show as HTML
  Parameters: {"birthday"=>"20180306"}
Completed 500 Internal Server Error in 3ms (ActiveRecord: 0.0ms)


  
NoMethodError (undefined method `date_time' for "20180306":String):
  
app/controllers/fortunetellings_controller.rb:5:in `show'
Started GET "/fortunetelling/20180306" for 127.0.0.1 at 2019-03-06 14:54:22 +0900
Processing by FortunetellingsController#show as HTML
  Parameters: {"birthday"=>"20180306"}
  Rendering fortunetellings/show.html.erb within layouts/application
  Rendered fortunetellings/show.html.erb within layouts/application (0.7ms)
Completed 200 OK in 28ms (Views: 24.7ms | ActiveRecord: 0.0ms)


Started GET "/fortunetelling/20180306" for 127.0.0.1 at 2019-03-06 14:54:50 +0900
Processing by FortunetellingsController#show as HTML
  Parameters: {"birthday"=>"20180306"}
Completed 500 Internal Server Error in 3ms (ActiveRecord: 0.0ms)


  
NoMethodError (undefined method `strftime' for "20180306":String
Did you mean?  strip):
  
app/controllers/fortunetellings_controller.rb:5:in `show'
Started GET "/fortunetelling/20180306" for 127.0.0.1 at 2019-03-06 14:55:07 +0900
Processing by FortunetellingsController#show as HTML
  Parameters: {"birthday"=>"20180306"}
Completed 500 Internal Server Error in 1ms (ActiveRecord: 0.0ms)


  
ArgumentError (wrong number of arguments (given 1, expected 0)):
  
app/controllers/fortunetellings_controller.rb:5:in `strip'
app/controllers/fortunetellings_controller.rb:5:in `show'
Started GET "/fortunetelling/20180306" for 127.0.0.1 at 2019-03-06 14:55:20 +0900
Processing by FortunetellingsController#show as HTML
  Parameters: {"birthday"=>"20180306"}
  Rendering fortunetellings/show.html.erb within layouts/application
  Rendered fortunetellings/show.html.erb within layouts/application (0.4ms)
Completed 200 OK in 26ms (Views: 23.4ms | ActiveRecord: 0.0ms)


Started GET "/fortunetelling/20180306" for 127.0.0.1 at 2019-03-06 14:55:39 +0900
Processing by FortunetellingsController#show as HTML
  Parameters: {"birthday"=>"20180306"}
Completed 500 Internal Server Error in 1ms (ActiveRecord: 0.0ms)


  
ArgumentError (wrong number of arguments (given 1, expected 0)):
  
app/controllers/fortunetellings_controller.rb:5:in `to_s'
app/controllers/fortunetellings_controller.rb:5:in `show'
Started GET "/fortunetelling/20180306" for 127.0.0.1 at 2019-03-06 14:56:12 +0900
Processing by FortunetellingsController#show as HTML
  Parameters: {"birthday"=>"20180306"}
  Rendering fortunetellings/show.html.erb within layouts/application
  Rendered fortunetellings/show.html.erb within layouts/application (0.6ms)
Completed 200 OK in 31ms (Views: 29.0ms | ActiveRecord: 0.0ms)


Started GET "/fortunetelling/19971212" for 127.0.0.1 at 2019-03-06 14:56:26 +0900
Processing by FortunetellingsController#show as HTML
  Parameters: {"birthday"=>"19971212"}
  Rendering fortunetellings/show.html.erb within layouts/application
  Rendered fortunetellings/show.html.erb within layouts/application (0.6ms)
Completed 200 OK in 19ms (Views: 16.1ms | ActiveRecord: 0.0ms)


Started GET "/fortunetelling/19971212" for 127.0.0.1 at 2019-03-06 14:57:19 +0900
  
ActionController::RoutingError (No route matches [GET] "/fortunetelling/19971212"):
  
vendor/bundle/ruby/2.5.0/gems/actionpack-5.2.1/lib/action_dispatch/middleware/debug_exceptions.rb:65:in `call'
vendor/bundle/ruby/2.5.0/gems/web-console-3.7.0/lib/web_console/middleware.rb:135:in `call_app'
vendor/bundle/ruby/2.5.0/gems/web-console-3.7.0/lib/web_console/middleware.rb:30:in `block in call'
vendor/bundle/ruby/2.5.0/gems/web-console-3.7.0/lib/web_console/middleware.rb:20:in `catch'
vendor/bundle/ruby/2.5.0/gems/web-console-3.7.0/lib/web_console/middleware.rb:20:in `call'
vendor/bundle/ruby/2.5.0/gems/actionpack-5.2.1/lib/action_dispatch/middleware/show_exceptions.rb:33:in `call'
vendor/bundle/ruby/2.5.0/gems/railties-5.2.1/lib/rails/rack/logger.rb:38:in `call_app'
vendor/bundle/ruby/2.5.0/gems/railties-5.2.1/lib/rails/rack/logger.rb:26:in `block in call'
vendor/bundle/ruby/2.5.0/gems/activesupport-5.2.1/lib/active_support/tagged_logging.rb:71:in `block in tagged'
vendor/bundle/ruby/2.5.0/gems/activesupport-5.2.1/lib/active_support/tagged_logging.rb:28:in `tagged'
vendor/bundle/ruby/2.5.0/gems/activesupport-5.2.1/lib/active_support/tagged_logging.rb:71:in `tagged'
vendor/bundle/ruby/2.5.0/gems/railties-5.2.1/lib/rails/rack/logger.rb:26:in `call'
vendor/bundle/ruby/2.5.0/gems/sprockets-rails-3.2.1/lib/sprockets/rails/quiet_assets.rb:13:in `call'
vendor/bundle/ruby/2.5.0/gems/actionpack-5.2.1/lib/action_dispatch/middleware/remote_ip.rb:81:in `call'
vendor/bundle/ruby/2.5.0/gems/actionpack-5.2.1/lib/action_dispatch/middleware/request_id.rb:27:in `call'
vendor/bundle/ruby/2.5.0/gems/rack-2.0.6/lib/rack/method_override.rb:22:in `call'
vendor/bundle/ruby/2.5.0/gems/rack-2.0.6/lib/rack/runtime.rb:22:in `call'
vendor/bundle/ruby/2.5.0/gems/activesupport-5.2.1/lib/active_support/cache/strategy/local_cache_middleware.rb:29:in `call'
vendor/bundle/ruby/2.5.0/gems/actionpack-5.2.1/lib/action_dispatch/middleware/executor.rb:14:in `call'
vendor/bundle/ruby/2.5.0/gems/actionpack-5.2.1/lib/action_dispatch/middleware/static.rb:127:in `call'
vendor/bundle/ruby/2.5.0/gems/rack-2.0.6/lib/rack/sendfile.rb:111:in `call'
vendor/bundle/ruby/2.5.0/gems/railties-5.2.1/lib/rails/engine.rb:524:in `call'
vendor/bundle/ruby/2.5.0/gems/puma-3.12.0/lib/puma/configuration.rb:225:in `call'
vendor/bundle/ruby/2.5.0/gems/puma-3.12.0/lib/puma/server.rb:658:in `handle_request'
vendor/bundle/ruby/2.5.0/gems/puma-3.12.0/lib/puma/server.rb:472:in `process_client'
vendor/bundle/ruby/2.5.0/gems/puma-3.12.0/lib/puma/server.rb:332:in `block in run'
vendor/bundle/ruby/2.5.0/gems/puma-3.12.0/lib/puma/thread_pool.rb:133:in `block in spawn_thread'
Started GET "/fortunetelling/19971212" for 127.0.0.1 at 2019-03-06 14:57:37 +0900
  
ActionController::RoutingError (No route matches [GET] "/fortunetelling/19971212"):
  
vendor/bundle/ruby/2.5.0/gems/actionpack-5.2.1/lib/action_dispatch/middleware/debug_exceptions.rb:65:in `call'
vendor/bundle/ruby/2.5.0/gems/web-console-3.7.0/lib/web_console/middleware.rb:135:in `call_app'
vendor/bundle/ruby/2.5.0/gems/web-console-3.7.0/lib/web_console/middleware.rb:30:in `block in call'
vendor/bundle/ruby/2.5.0/gems/web-console-3.7.0/lib/web_console/middleware.rb:20:in `catch'
vendor/bundle/ruby/2.5.0/gems/web-console-3.7.0/lib/web_console/middleware.rb:20:in `call'
vendor/bundle/ruby/2.5.0/gems/actionpack-5.2.1/lib/action_dispatch/middleware/show_exceptions.rb:33:in `call'
vendor/bundle/ruby/2.5.0/gems/railties-5.2.1/lib/rails/rack/logger.rb:38:in `call_app'
vendor/bundle/ruby/2.5.0/gems/railties-5.2.1/lib/rails/rack/logger.rb:26:in `block in call'
vendor/bundle/ruby/2.5.0/gems/activesupport-5.2.1/lib/active_support/tagged_logging.rb:71:in `block in tagged'
vendor/bundle/ruby/2.5.0/gems/activesupport-5.2.1/lib/active_support/tagged_logging.rb:28:in `tagged'
vendor/bundle/ruby/2.5.0/gems/activesupport-5.2.1/lib/active_support/tagged_logging.rb:71:in `tagged'
vendor/bundle/ruby/2.5.0/gems/railties-5.2.1/lib/rails/rack/logger.rb:26:in `call'
vendor/bundle/ruby/2.5.0/gems/sprockets-rails-3.2.1/lib/sprockets/rails/quiet_assets.rb:13:in `call'
vendor/bundle/ruby/2.5.0/gems/actionpack-5.2.1/lib/action_dispatch/middleware/remote_ip.rb:81:in `call'
vendor/bundle/ruby/2.5.0/gems/actionpack-5.2.1/lib/action_dispatch/middleware/request_id.rb:27:in `call'
vendor/bundle/ruby/2.5.0/gems/rack-2.0.6/lib/rack/method_override.rb:22:in `call'
vendor/bundle/ruby/2.5.0/gems/rack-2.0.6/lib/rack/runtime.rb:22:in `call'
vendor/bundle/ruby/2.5.0/gems/activesupport-5.2.1/lib/active_support/cache/strategy/local_cache_middleware.rb:29:in `call'
vendor/bundle/ruby/2.5.0/gems/actionpack-5.2.1/lib/action_dispatch/middleware/executor.rb:14:in `call'
vendor/bundle/ruby/2.5.0/gems/actionpack-5.2.1/lib/action_dispatch/middleware/static.rb:127:in `call'
vendor/bundle/ruby/2.5.0/gems/rack-2.0.6/lib/rack/sendfile.rb:111:in `call'
vendor/bundle/ruby/2.5.0/gems/railties-5.2.1/lib/rails/engine.rb:524:in `call'
vendor/bundle/ruby/2.5.0/gems/puma-3.12.0/lib/puma/configuration.rb:225:in `call'
vendor/bundle/ruby/2.5.0/gems/puma-3.12.0/lib/puma/server.rb:658:in `handle_request'
vendor/bundle/ruby/2.5.0/gems/puma-3.12.0/lib/puma/server.rb:472:in `process_client'
vendor/bundle/ruby/2.5.0/gems/puma-3.12.0/lib/puma/server.rb:332:in `block in run'
vendor/bundle/ruby/2.5.0/gems/puma-3.12.0/lib/puma/thread_pool.rb:133:in `block in spawn_thread'
Started GET "/fortunetelling/20180306" for 127.0.0.1 at 2019-03-06 14:57:49 +0900
Processing by FortunetellingsController#show as HTML
  Parameters: {"birthday"=>"20180306"}
  Rendering fortunetellings/show.html.erb within layouts/application
  Rendered fortunetellings/show.html.erb within layouts/application (0.4ms)
Completed 200 OK in 25ms (Views: 22.6ms | ActiveRecord: 0.0ms)


Started GET "/fortunetelling/201803065" for 127.0.0.1 at 2019-03-06 15:00:15 +0900
Processing by FortunetellingsController#show as HTML
  Parameters: {"birthday"=>"201803065"}
  Rendering fortunetellings/show.html.erb within layouts/application
  Rendered fortunetellings/show.html.erb within layouts/application (0.4ms)
Completed 200 OK in 23ms (Views: 19.7ms | ActiveRecord: 0.0ms)


Started GET "/fortunetelling/20180306" for 127.0.0.1 at 2019-03-06 15:00:27 +0900
Processing by FortunetellingsController#show as HTML
  Parameters: {"birthday"=>"20180306"}
  Rendering fortunetellings/show.html.erb within layouts/application
  Rendered fortunetellings/show.html.erb within layouts/application (0.4ms)
Completed 200 OK in 18ms (Views: 15.6ms | ActiveRecord: 0.0ms)


Started GET "/fortunetelling/20180306" for 127.0.0.1 at 2019-03-06 15:01:52 +0900
Processing by FortunetellingsController#show as HTML
  Parameters: {"birthday"=>"20180306"}
  Rendering fortunetellings/show.html.erb within layouts/application
  Rendered fortunetellings/show.html.erb within layouts/application (0.4ms)
Completed 200 OK in 25ms (Views: 22.9ms | ActiveRecord: 0.0ms)


Started GET "/fortunetelling/20180306" for 127.0.0.1 at 2019-03-06 15:02:41 +0900
Processing by FortunetellingsController#show as HTML
  Parameters: {"birthday"=>"20180306"}
  Rendering fortunetellings/show.html.erb within layouts/application
  Rendered fortunetellings/show.html.erb within layouts/application (0.3ms)
Completed 200 OK in 21ms (Views: 18.6ms | ActiveRecord: 0.0ms)


Started GET "/fortunetelling/20180306" for 127.0.0.1 at 2019-03-06 15:09:39 +0900
Processing by FortunetellingsController#show as HTML
  Parameters: {"birthday"=>"20180306"}
  Rendering fortunetellings/show.html.erb within layouts/application
  Rendered fortunetellings/show.html.erb within layouts/application (0.5ms)
Completed 200 OK in 34ms (Views: 31.1ms | ActiveRecord: 0.0ms)


Started GET "/fortunetelling/20180306" for 127.0.0.1 at 2019-03-06 15:10:03 +0900
Processing by FortunetellingsController#show as HTML
  Parameters: {"birthday"=>"20180306"}
  Rendering fortunetellings/show.html.erb within layouts/application
  Rendered fortunetellings/show.html.erb within layouts/application (0.4ms)
Completed 200 OK in 21ms (Views: 19.0ms | ActiveRecord: 0.0ms)


Started GET "/fortunetelling/20180306" for 127.0.0.1 at 2019-03-06 15:10:34 +0900
Processing by FortunetellingsController#show as HTML
  Parameters: {"birthday"=>"20180306"}
Completed 500 Internal Server Error in 1ms (ActiveRecord: 0.0ms)


  
ArgumentError (wrong number of arguments (given 0, expected 1..2)):
  
app/controllers/fortunetellings_controller.rb:4:in `[]'
app/controllers/fortunetellings_controller.rb:4:in `show'
Started GET "/fortunetelling/20180306" for 127.0.0.1 at 2019-03-06 15:10:44 +0900
Processing by FortunetellingsController#show as HTML
  Parameters: {"birthday"=>"20180306"}
  Rendering fortunetellings/show.html.erb within layouts/application
  Rendered fortunetellings/show.html.erb within layouts/application (0.5ms)
Completed 200 OK in 28ms (Views: 25.5ms | ActiveRecord: 0.0ms)


Started GET "/fortunetelling/20180306" for 127.0.0.1 at 2019-03-06 15:11:02 +0900
Processing by FortunetellingsController#show as HTML
  Parameters: {"birthday"=>"20180306"}
  Rendering fortunetellings/show.html.erb within layouts/application
  Rendered fortunetellings/show.html.erb within layouts/application (0.4ms)
Completed 200 OK in 17ms (Views: 15.4ms | ActiveRecord: 0.0ms)


Started GET "/fortunetelling/20180306" for 127.0.0.1 at 2019-03-06 15:11:20 +0900
Processing by FortunetellingsController#show as HTML
  Parameters: {"birthday"=>"20180306"}
  Rendering fortunetellings/show.html.erb within layouts/application
  Rendered fortunetellings/show.html.erb within layouts/application (0.4ms)
Completed 200 OK in 19ms (Views: 16.3ms | ActiveRecord: 0.0ms)


Started GET "/fortunetelling/20180306" for 127.0.0.1 at 2019-03-06 15:11:30 +0900
Processing by FortunetellingsController#show as HTML
  Parameters: {"birthday"=>"20180306"}
  Rendering fortunetellings/show.html.erb within layouts/application
  Rendered fortunetellings/show.html.erb within layouts/application (0.4ms)
Completed 200 OK in 18ms (Views: 16.7ms | ActiveRecord: 0.0ms)


Started GET "/fortunetelling/20180306" for 127.0.0.1 at 2019-03-06 15:11:40 +0900
Processing by FortunetellingsController#show as HTML
  Parameters: {"birthday"=>"20180306"}
  Rendering fortunetellings/show.html.erb within layouts/application
  Rendered fortunetellings/show.html.erb within layouts/application (0.7ms)
Completed 200 OK in 19ms (Views: 16.9ms | ActiveRecord: 0.0ms)


Started GET "/fortunetelling/20180306" for 127.0.0.1 at 2019-03-06 15:11:41 +0900
Processing by FortunetellingsController#show as HTML
  Parameters: {"birthday"=>"20180306"}
  Rendering fortunetellings/show.html.erb within layouts/application
  Rendered fortunetellings/show.html.erb within layouts/application (0.4ms)
Completed 200 OK in 19ms (Views: 16.0ms | ActiveRecord: 0.0ms)


Started GET "/fortunetelling/20180306" for 127.0.0.1 at 2019-03-06 15:11:49 +0900
Processing by FortunetellingsController#show as HTML
  Parameters: {"birthday"=>"20180306"}
  Rendering fortunetellings/show.html.erb within layouts/application
  Rendered fortunetellings/show.html.erb within layouts/application (0.4ms)
Completed 200 OK in 18ms (Views: 15.7ms | ActiveRecord: 0.0ms)


Started GET "/fortunetelling/20180306" for 127.0.0.1 at 2019-03-06 15:12:08 +0900
Processing by FortunetellingsController#show as HTML
  Parameters: {"birthday"=>"20180306"}
  Rendering fortunetellings/show.html.erb within layouts/application
  Rendered fortunetellings/show.html.erb within layouts/application (0.4ms)
Completed 200 OK in 18ms (Views: 16.0ms | ActiveRecord: 0.0ms)


Started GET "/fortunetelling/20180306" for 127.0.0.1 at 2019-03-06 15:12:15 +0900
Processing by FortunetellingsController#show as HTML
  Parameters: {"birthday"=>"20180306"}
  Rendering fortunetellings/show.html.erb within layouts/application
  Rendered fortunetellings/show.html.erb within layouts/application (0.5ms)
Completed 200 OK in 19ms (Views: 17.2ms | ActiveRecord: 0.0ms)


Started GET "/fortunetelling/20180306" for 127.0.0.1 at 2019-03-06 15:12:32 +0900
Processing by FortunetellingsController#show as HTML
  Parameters: {"birthday"=>"20180306"}
  Rendering fortunetellings/show.html.erb within layouts/application
  Rendered fortunetellings/show.html.erb within layouts/application (0.6ms)
Completed 200 OK in 20ms (Views: 17.5ms | ActiveRecord: 0.0ms)


Started GET "/fortunetelling/20180306" for 127.0.0.1 at 2019-03-06 15:12:49 +0900
Processing by FortunetellingsController#show as HTML
  Parameters: {"birthday"=>"20180306"}
  Rendering fortunetellings/show.html.erb within layouts/application
  Rendered fortunetellings/show.html.erb within layouts/application (0.6ms)
Completed 200 OK in 18ms (Views: 15.7ms | ActiveRecord: 0.0ms)


Started GET "/fortunetelling/20180306" for 127.0.0.1 at 2019-03-06 15:15:43 +0900
Processing by FortunetellingsController#show as HTML
  Parameters: {"birthday"=>"20180306"}
  Rendering fortunetellings/show.html.erb within layouts/application
  Rendered fortunetellings/show.html.erb within layouts/application (0.6ms)
Completed 200 OK in 28ms (Views: 24.9ms | ActiveRecord: 0.0ms)


Started GET "/fortunetelling/20180306" for 127.0.0.1 at 2019-03-06 15:17:27 +0900
Processing by FortunetellingsController#show as HTML
  Parameters: {"birthday"=>"20180306"}
  Rendering fortunetellings/show.html.erb within layouts/application
  Rendered fortunetellings/show.html.erb within layouts/application (0.5ms)
Completed 200 OK in 21ms (Views: 18.8ms | ActiveRecord: 0.0ms)


Started GET "/fortunetelling/20180306" for 127.0.0.1 at 2019-03-06 15:19:01 +0900
Processing by FortunetellingsController#show as HTML
  Parameters: {"birthday"=>"20180306"}
  Rendering fortunetellings/show.html.erb within layouts/application
  Rendered fortunetellings/show.html.erb within layouts/application (0.5ms)
Completed 200 OK in 45ms (Views: 42.7ms | ActiveRecord: 0.0ms)


Started GET "/fortunetelling/20180306" for 127.0.0.1 at 2019-03-06 15:30:40 +0900
Processing by FortunetellingsController#show as HTML
  Parameters: {"birthday"=>"20180306"}
  Rendering fortunetellings/show.html.erb within layouts/application
  Rendered fortunetellings/show.html.erb within layouts/application (1.8ms)
Completed 200 OK in 48ms (Views: 42.5ms | ActiveRecord: 0.0ms)


Started GET "/fortunetelling/19940224" for 127.0.0.1 at 2019-03-06 15:31:08 +0900
Processing by FortunetellingsController#show as HTML
  Parameters: {"birthday"=>"19940224"}
  Rendering fortunetellings/show.html.erb within layouts/application
  Rendered fortunetellings/show.html.erb within layouts/application (0.5ms)
Completed 200 OK in 26ms (Views: 22.8ms | ActiveRecord: 0.0ms)


Started GET "/fortunetelling/19940407" for 127.0.0.1 at 2019-03-06 15:31:34 +0900
Processing by FortunetellingsController#show as HTML
  Parameters: {"birthday"=>"19940407"}
  Rendering fortunetellings/show.html.erb within layouts/application
  Rendered fortunetellings/show.html.erb within layouts/application (0.6ms)
Completed 200 OK in 26ms (Views: 22.7ms | ActiveRecord: 0.0ms)


Started GET "/fortunetelling/19940407" for 127.0.0.1 at 2019-03-06 15:37:50 +0900
Processing by FortunetellingsController#show as HTML
  Parameters: {"birthday"=>"19940407"}
  Rendering fortunetellings/show.html.erb within layouts/application
  Rendered fortunetellings/show.html.erb within layouts/application (1.0ms)
Completed 200 OK in 230ms (Views: 221.5ms | ActiveRecord: 0.0ms)


Started GET "/fortunetelling/19941212" for 127.0.0.1 at 2019-03-06 15:37:59 +0900
Processing by FortunetellingsController#show as HTML
  Parameters: {"birthday"=>"19941212"}
  Rendering fortunetellings/show.html.erb within layouts/application
  Rendered fortunetellings/show.html.erb within layouts/application (0.4ms)
Completed 200 OK in 20ms (Views: 17.6ms | ActiveRecord: 0.0ms)


